TN:
SF:/Users/manuelduran/Desktop/Projects/HRRPT/photo-gallery-service/client/app.jsx
FN:9,(anonymous_0)
FN:18,(anonymous_1)
FN:20,(anonymous_2)
FN:33,(anonymous_3)
FN:43,(anonymous_4)
FN:48,(anonymous_5)
FN:67,(anonymous_6)
FN:83,(anonymous_7)
FNF:8
FNH:3
FNDA:2,(anonymous_0)
FNDA:2,(anonymous_1)
FNDA:0,(anonymous_2)
FNDA:0,(anonymous_3)
FNDA:0,(anonymous_4)
FNDA:0,(anonymous_5)
FNDA:0,(anonymous_6)
FNDA:2,(anonymous_7)
DA:10,2
DA:11,2
DA:20,2
DA:21,0
DA:22,0
DA:23,0
DA:24,0
DA:34,0
DA:35,0
DA:36,0
DA:38,0
DA:39,0
DA:40,0
DA:44,0
DA:49,0
DA:50,0
DA:51,0
DA:52,0
DA:53,0
DA:54,0
DA:55,0
DA:56,0
DA:58,0
DA:61,0
DA:68,0
DA:69,0
DA:70,0
DA:71,0
DA:72,0
DA:73,0
DA:75,0
DA:77,0
DA:84,2
DA:94,2
DA:99,2
DA:100,2
DA:101,2
DA:103,2
LF:38
LH:9
BRDA:35,0,0,0
BRDA:35,0,1,0
BRDA:54,1,0,0
BRDA:54,1,1,0
BRDA:58,2,0,0
BRDA:58,2,1,0
BRDA:70,3,0,0
BRDA:70,3,1,0
BRDA:72,4,0,0
BRDA:72,4,1,0
BRDA:109,5,0,0
BRDA:109,5,1,2
BRDA:109,6,0,2
BRDA:109,6,1,0
BRF:14
BRH:2
end_of_record
TN:
SF:/Users/manuelduran/Desktop/Projects/HRRPT/photo-gallery-service/client/components/item.jsx
FN:5,Item
FNF:1
FNH:1
FNDA:2,Item
DA:6,2
DA:13,2
DA:14,2
LF:3
LH:3
BRF:0
BRH:0
end_of_record
TN:
SF:/Users/manuelduran/Desktop/Projects/HRRPT/photo-gallery-service/client/components/itemGallery.jsx
FN:57,(anonymous_0)
FN:64,(anonymous_1)
FN:66,(anonymous_2)
FN:68,(anonymous_3)
FN:79,(anonymous_4)
FNF:5
FNH:4
FNDA:3,(anonymous_0)
FNDA:3,(anonymous_1)
FNDA:9,(anonymous_2)
FNDA:0,(anonymous_3)
FNDA:3,(anonymous_4)
DA:7,1
DA:17,1
DA:24,1
DA:29,1
DA:42,1
DA:58,3
DA:59,3
DA:65,3
DA:66,3
DA:67,9
DA:68,9
DA:74,3
DA:81,3
DA:82,3
DA:83,3
DA:84,3
DA:85,3
DA:87,3
LF:18
LH:18
BRF:0
BRH:0
end_of_record
TN:
SF:/Users/manuelduran/Desktop/Projects/HRRPT/photo-gallery-service/client/components/mainItem.jsx
FN:18,MainItem
FNF:1
FNH:1
FNDA:3,MainItem
DA:5,1
DA:12,1
DA:20,3
DA:21,3
DA:22,3
LF:5
LH:5
BRF:0
BRH:0
end_of_record
TN:
SF:/Users/manuelduran/Desktop/Projects/HRRPT/photo-gallery-service/database/index.js
FN:3,(anonymous_0)
FN:20,(anonymous_1)
FN:22,(anonymous_2)
FN:27,(anonymous_3)
FN:28,(anonymous_4)
FN:34,(anonymous_5)
FN:35,(anonymous_6)
FN:41,(anonymous_7)
FNF:8
FNH:7
FNDA:2,(anonymous_0)
FNDA:1,(anonymous_1)
FNDA:1,(anonymous_2)
FNDA:2,(anonymous_3)
FNDA:2,(anonymous_4)
FNDA:1,(anonymous_5)
FNDA:1,(anonymous_6)
FNDA:0,(anonymous_7)
DA:1,2
DA:2,2
DA:4,2
DA:7,2
DA:18,2
DA:20,2
DA:21,1
DA:22,1
DA:23,1
DA:27,2
DA:28,2
DA:29,2
DA:34,2
DA:35,1
DA:36,1
DA:41,2
DA:42,0
DA:43,0
DA:44,0
DA:45,0
DA:46,0
DA:47,0
DA:50,2
LF:23
LH:17
BRDA:23,0,0,0
BRDA:23,0,1,1
BRDA:29,1,0,0
BRDA:29,1,1,2
BRDA:36,2,0,0
BRDA:36,2,1,1
BRF:6
BRH:3
end_of_record
TN:
SF:/Users/manuelduran/Desktop/Projects/HRRPT/photo-gallery-service/server/index.js
FNF:0
FNH:0
DA:1,1
DA:2,1
DA:3,1
DA:4,1
DA:5,1
DA:6,1
DA:7,1
DA:8,1
DA:10,1
DA:11,1
DA:12,1
DA:13,1
DA:15,1
DA:16,1
DA:17,1
DA:20,1
LF:16
LH:16
BRF:0
BRH:0
end_of_record
TN:
SF:/Users/manuelduran/Desktop/Projects/HRRPT/photo-gallery-service/server/router.js
FN:5,(anonymous_0)
FN:6,(anonymous_1)
FN:11,(anonymous_2)
FNF:3
FNH:2
FNDA:1,(anonymous_0)
FNDA:1,(anonymous_1)
FNDA:0,(anonymous_2)
DA:1,1
DA:2,1
DA:3,1
DA:5,1
DA:6,1
DA:7,1
DA:11,1
DA:12,0
DA:15,1
LF:9
LH:8
BRDA:7,0,0,0
BRDA:7,0,1,1
BRF:2
BRH:1
end_of_record
