<?xml version="1.0" encoding="UTF-8"?>
<coverage generated="1561763993367" clover="3.2.0">
  <project timestamp="1561763993367" name="All files">
    <metrics statements="24" coveredstatements="17" conditionals="6" coveredconditionals="3" methods="9" coveredmethods="7" elements="39" coveredelements="27" complexity="0" loc="24" ncloc="24" packages="1" files="1" classes="1"/>
    <file name="index.js" path="/Users/manuelduran/Desktop/Projects/HRRPT/photo-gallery-service/database/index.js">
      <metrics statements="24" coveredstatements="17" conditionals="6" coveredconditionals="3" methods="9" coveredmethods="7"/>
      <line num="1" count="1" type="stmt"/>
      <line num="2" count="1" type="stmt"/>
      <line num="4" count="1" type="stmt"/>
      <line num="7" count="0" type="stmt"/>
      <line num="10" count="1" type="stmt"/>
      <line num="21" count="1" type="stmt"/>
      <line num="23" count="1" type="stmt"/>
      <line num="24" count="1" type="stmt"/>
      <line num="25" count="1" type="stmt"/>
      <line num="26" count="1" type="cond" truecount="1" falsecount="1"/>
      <line num="30" count="1" type="stmt"/>
      <line num="31" count="1" type="stmt"/>
      <line num="32" count="1" type="cond" truecount="1" falsecount="1"/>
      <line num="36" count="1" type="stmt"/>
      <line num="37" count="1" type="stmt"/>
      <line num="38" count="1" type="cond" truecount="1" falsecount="1"/>
      <line num="43" count="1" type="stmt"/>
      <line num="44" count="0" type="stmt"/>
      <line num="45" count="0" type="stmt"/>
      <line num="46" count="0" type="stmt"/>
      <line num="47" count="0" type="stmt"/>
      <line num="48" count="0" type="stmt"/>
      <line num="49" count="0" type="stmt"/>
      <line num="52" count="1" type="stmt"/>
    </file>
  </project>
</coverage>
