{"/Users/manuelduran/Desktop/Projects/HRRPT/photo-gallery-service/database/index.js": {"path":"/Users/manuelduran/Desktop/Projects/HRRPT/photo-gallery-service/database/index.js","statementMap":{"0":{"start":{"line":1,"column":17},"end":{"line":1,"column":36}},"1":{"start":{"line":2,"column":0},"end":{"line":8,"column":2}},"2":{"start":{"line":4,"column":2},"end":{"line":4,"column":30}},"3":{"start":{"line":7,"column":2},"end":{"line":7,"column":33}},"4":{"start":{"line":10,"column":22},"end":{"line":19,"column":2}},"5":{"start":{"line":21,"column":16},"end":{"line":21,"column":56}},"6":{"start":{"line":23,"column":15},"end":{"line":28,"column":1}},"7":{"start":{"line":24,"column":21},"end":{"line":24,"column":39}},"8":{"start":{"line":25,"column":2},"end":{"line":27,"column":4}},"9":{"start":{"line":26,"column":4},"end":{"line":26,"column":34}},"10":{"start":{"line":30,"column":12},"end":{"line":34,"column":1}},"11":{"start":{"line":31,"column":2},"end":{"line":33,"column":4}},"12":{"start":{"line":32,"column":4},"end":{"line":32,"column":34}},"13":{"start":{"line":36,"column":18},"end":{"line":40,"column":1}},"14":{"start":{"line":37,"column":2},"end":{"line":39,"column":4}},"15":{"start":{"line":38,"column":4},"end":{"line":38,"column":35}},"16":{"start":{"line":43,"column":19},"end":{"line":51,"column":1}},"17":{"start":{"line":44,"column":16},"end":{"line":44,"column":18}},"18":{"start":{"line":45,"column":2},"end":{"line":50,"column":3}},"19":{"start":{"line":45,"column":15},"end":{"line":45,"column":16}},"20":{"start":{"line":46,"column":4},"end":{"line":46,"column":16}},"21":{"start":{"line":47,"column":14},"end":{"line":47,"column":101}},"22":{"start":{"line":48,"column":17},"end":{"line":48,"column":42}},"23":{"start":{"line":49,"column":4},"end":{"line":49,"column":18}},"24":{"start":{"line":52,"column":0},"end":{"line":52,"column":54}}},"fnMap":{"0":{"name":"(anonymous_0)","decl":{"start":{"line":3,"column":6},"end":{"line":3,"column":7}},"loc":{"start":{"line":3,"column":12},"end":{"line":5,"column":1}},"line":3},"1":{"name":"(anonymous_1)","decl":{"start":{"line":6,"column":7},"end":{"line":6,"column":8}},"loc":{"start":{"line":6,"column":16},"end":{"line":8,"column":1}},"line":6},"2":{"name":"(anonymous_2)","decl":{"start":{"line":23,"column":15},"end":{"line":23,"column":16}},"loc":{"start":{"line":23,"column":28},"end":{"line":28,"column":1}},"line":23},"3":{"name":"(anonymous_3)","decl":{"start":{"line":25,"column":18},"end":{"line":25,"column":19}},"loc":{"start":{"line":25,"column":32},"end":{"line":27,"column":3}},"line":25},"4":{"name":"(anonymous_4)","decl":{"start":{"line":30,"column":12},"end":{"line":30,"column":13}},"loc":{"start":{"line":30,"column":20},"end":{"line":34,"column":1}},"line":30},"5":{"name":"(anonymous_5)","decl":{"start":{"line":31,"column":15},"end":{"line":31,"column":16}},"loc":{"start":{"line":31,"column":29},"end":{"line":33,"column":3}},"line":31},"6":{"name":"(anonymous_6)","decl":{"start":{"line":36,"column":18},"end":{"line":36,"column":19}},"loc":{"start":{"line":36,"column":31},"end":{"line":40,"column":1}},"line":36},"7":{"name":"(anonymous_7)","decl":{"start":{"line":37,"column":27},"end":{"line":37,"column":28}},"loc":{"start":{"line":37,"column":42},"end":{"line":39,"column":3}},"line":37},"8":{"name":"(anonymous_8)","decl":{"start":{"line":43,"column":19},"end":{"line":43,"column":20}},"loc":{"start":{"line":43,"column":25},"end":{"line":51,"column":1}},"line":43}},"branchMap":{"0":{"loc":{"start":{"line":26,"column":4},"end":{"line":26,"column":33}},"type":"cond-expr","locations":[{"start":{"line":26,"column":10},"end":{"line":26,"column":17}},{"start":{"line":26,"column":20},"end":{"line":26,"column":33}}],"line":26},"1":{"loc":{"start":{"line":32,"column":4},"end":{"line":32,"column":33}},"type":"cond-expr","locations":[{"start":{"line":32,"column":10},"end":{"line":32,"column":17}},{"start":{"line":32,"column":20},"end":{"line":32,"column":33}}],"line":32},"2":{"loc":{"start":{"line":38,"column":4},"end":{"line":38,"column":34}},"type":"cond-expr","locations":[{"start":{"line":38,"column":10},"end":{"line":38,"column":17}},{"start":{"line":38,"column":20},"end":{"line":38,"column":34}}],"line":38}},"s":{"0":1,"1":1,"2":1,"3":0,"4":1,"5":1,"6":1,"7":1,"8":1,"9":1,"10":1,"11":1,"12":1,"13":1,"14":1,"15":1,"16":1,"17":0,"18":0,"19":0,"20":0,"21":0,"22":0,"23":0,"24":1},"f":{"0":1,"1":0,"2":1,"3":1,"4":1,"5":1,"6":1,"7":1,"8":0},"b":{"0":[0,1],"1":[0,1],"2":[0,1]},"_coverageSchema":"43e27e138ebf9cfc5966b082cf9a028302ed4184","hash":"d0647d5768a5a2c442ec3fccb4697397b515255d"}
}
