{"/Users/manuelduran/Desktop/Projects/HRRPT/photo-gallery-service/client/app.jsx": {"path":"/Users/manuelduran/Desktop/Projects/HRRPT/photo-gallery-service/client/app.jsx","statementMap":{"0":{"start":{"line":10,"column":6},"end":{"line":10,"column":19}},"1":{"start":{"line":11,"column":6},"end":{"line":15,"column":8}},"2":{"start":{"line":20,"column":6},"end":{"line":30,"column":8}},"3":{"start":{"line":21,"column":8},"end":{"line":21,"column":46}},"4":{"start":{"line":22,"column":26},"end":{"line":22,"column":46}},"5":{"start":{"line":23,"column":30},"end":{"line":23,"column":54}},"6":{"start":{"line":24,"column":8},"end":{"line":29,"column":10}},"7":{"start":{"line":34,"column":17},"end":{"line":34,"column":41}},"8":{"start":{"line":35,"column":6},"end":{"line":37,"column":7}},"9":{"start":{"line":36,"column":8},"end":{"line":36,"column":18}},"10":{"start":{"line":38,"column":20},"end":{"line":38,"column":28}},"11":{"start":{"line":39,"column":17},"end":{"line":39,"column":43}},"12":{"start":{"line":40,"column":6},"end":{"line":40,"column":16}},"13":{"start":{"line":44,"column":6},"end":{"line":44,"column":63}},"14":{"start":{"line":49,"column":15},"end":{"line":49,"column":27}},"15":{"start":{"line":50,"column":22},"end":{"line":50,"column":45}},"16":{"start":{"line":51,"column":24},"end":{"line":51,"column":26}},"17":{"start":{"line":52,"column":28},"end":{"line":52,"column":30}},"18":{"start":{"line":53,"column":6},"end":{"line":60,"column":7}},"19":{"start":{"line":54,"column":8},"end":{"line":59,"column":9}},"20":{"start":{"line":55,"column":10},"end":{"line":55,"column":49}},"21":{"start":{"line":56,"column":10},"end":{"line":56,"column":62}},"22":{"start":{"line":58,"column":10},"end":{"line":58,"column":102}},"23":{"start":{"line":61,"column":6},"end":{"line":64,"column":8}},"24":{"start":{"line":68,"column":6},"end":{"line":68,"column":18}},"25":{"start":{"line":69,"column":20},"end":{"line":69,"column":44}},"26":{"start":{"line":70,"column":6},"end":{"line":76,"column":7}},"27":{"start":{"line":71,"column":8},"end":{"line":71,"column":30}},"28":{"start":{"line":72,"column":13},"end":{"line":76,"column":7}},"29":{"start":{"line":73,"column":8},"end":{"line":73,"column":41}},"30":{"start":{"line":75,"column":8},"end":{"line":75,"column":20}},"31":{"start":{"line":77,"column":6},"end":{"line":80,"column":8}},"32":{"start":{"line":84,"column":30},"end":{"line":92,"column":7}},"33":{"start":{"line":94,"column":35},"end":{"line":97,"column":7}},"34":{"start":{"line":99,"column":6},"end":{"line":99,"column":54}},"35":{"start":{"line":100,"column":6},"end":{"line":100,"column":40}},"36":{"start":{"line":101,"column":6},"end":{"line":101,"column":64}},"37":{"start":{"line":103,"column":6},"end":{"line":116,"column":9}}},"fnMap":{"0":{"name":"(anonymous_0)","decl":{"start":{"line":9,"column":4},"end":{"line":9,"column":5}},"loc":{"start":{"line":9,"column":23},"end":{"line":16,"column":5}},"line":9},"1":{"name":"(anonymous_1)","decl":{"start":{"line":18,"column":4},"end":{"line":18,"column":5}},"loc":{"start":{"line":18,"column":24},"end":{"line":31,"column":5}},"line":18},"2":{"name":"(anonymous_2)","decl":{"start":{"line":20,"column":46},"end":{"line":20,"column":47}},"loc":{"start":{"line":20,"column":60},"end":{"line":30,"column":7}},"line":20},"3":{"name":"(anonymous_3)","decl":{"start":{"line":33,"column":4},"end":{"line":33,"column":5}},"loc":{"start":{"line":33,"column":12},"end":{"line":41,"column":5}},"line":33},"4":{"name":"(anonymous_4)","decl":{"start":{"line":43,"column":4},"end":{"line":43,"column":5}},"loc":{"start":{"line":43,"column":27},"end":{"line":45,"column":5}},"line":43},"5":{"name":"(anonymous_5)","decl":{"start":{"line":48,"column":4},"end":{"line":48,"column":5}},"loc":{"start":{"line":48,"column":26},"end":{"line":65,"column":5}},"line":48},"6":{"name":"(anonymous_6)","decl":{"start":{"line":67,"column":4},"end":{"line":67,"column":5}},"loc":{"start":{"line":67,"column":25},"end":{"line":81,"column":5}},"line":67},"7":{"name":"(anonymous_7)","decl":{"start":{"line":83,"column":4},"end":{"line":83,"column":5}},"loc":{"start":{"line":83,"column":13},"end":{"line":117,"column":7}},"line":83}},"branchMap":{"0":{"loc":{"start":{"line":35,"column":6},"end":{"line":37,"column":7}},"type":"if","locations":[{"start":{"line":35,"column":6},"end":{"line":37,"column":7}},{"start":{"line":35,"column":6},"end":{"line":37,"column":7}}],"line":35},"1":{"loc":{"start":{"line":54,"column":8},"end":{"line":59,"column":9}},"type":"if","locations":[{"start":{"line":54,"column":8},"end":{"line":59,"column":9}},{"start":{"line":54,"column":8},"end":{"line":59,"column":9}}],"line":54},"2":{"loc":{"start":{"line":58,"column":10},"end":{"line":58,"column":101}},"type":"cond-expr","locations":[{"start":{"line":58,"column":51},"end":{"line":58,"column":94}},{"start":{"line":58,"column":97},"end":{"line":58,"column":101}}],"line":58},"3":{"loc":{"start":{"line":70,"column":6},"end":{"line":76,"column":7}},"type":"if","locations":[{"start":{"line":70,"column":6},"end":{"line":76,"column":7}},{"start":{"line":70,"column":6},"end":{"line":76,"column":7}}],"line":70},"4":{"loc":{"start":{"line":72,"column":13},"end":{"line":76,"column":7}},"type":"if","locations":[{"start":{"line":72,"column":13},"end":{"line":76,"column":7}},{"start":{"line":72,"column":13},"end":{"line":76,"column":7}}],"line":72},"5":{"loc":{"start":{"line":109,"column":11},"end":{"line":113,"column":16}},"type":"cond-expr","locations":[{"start":{"line":110,"column":10},"end":{"line":112,"column":56}},{"start":{"line":113,"column":12},"end":{"line":113,"column":16}}],"line":109},"6":{"loc":{"start":{"line":109,"column":11},"end":{"line":109,"column":78}},"type":"binary-expr","locations":[{"start":{"line":109,"column":11},"end":{"line":109,"column":37}},{"start":{"line":109,"column":41},"end":{"line":109,"column":78}}],"line":109}},"s":{"0":2,"1":2,"2":2,"3":0,"4":0,"5":0,"6":0,"7":0,"8":0,"9":0,"10":0,"11":0,"12":0,"13":0,"14":0,"15":0,"16":0,"17":0,"18":0,"19":0,"20":0,"21":0,"22":0,"23":0,"24":0,"25":0,"26":0,"27":0,"28":0,"29":0,"30":0,"31":0,"32":2,"33":2,"34":2,"35":2,"36":2,"37":2},"f":{"0":2,"1":2,"2":0,"3":0,"4":0,"5":0,"6":0,"7":2},"b":{"0":[0,0],"1":[0,0],"2":[0,0],"3":[0,0],"4":[0,0],"5":[0,2],"6":[2,0]},"_coverageSchema":"43e27e138ebf9cfc5966b082cf9a028302ed4184","hash":"572ada03ddcd825e850e4522ed7d7a8fa7a29c8a"}
,"/Users/manuelduran/Desktop/Projects/HRRPT/photo-gallery-service/client/components/item.jsx": {"path":"/Users/manuelduran/Desktop/Projects/HRRPT/photo-gallery-service/client/components/item.jsx","statementMap":{"0":{"start":{"line":6,"column":22},"end":{"line":11,"column":3}},"1":{"start":{"line":13,"column":2},"end":{"line":13,"column":42}},"2":{"start":{"line":14,"column":2},"end":{"line":16,"column":3}}},"fnMap":{"0":{"name":"Item","decl":{"start":{"line":5,"column":9},"end":{"line":5,"column":13}},"loc":{"start":{"line":5,"column":21},"end":{"line":17,"column":1}},"line":5}},"branchMap":{},"s":{"0":2,"1":2,"2":2},"f":{"0":2},"b":{},"_coverageSchema":"43e27e138ebf9cfc5966b082cf9a028302ed4184","hash":"a92e9443108a874587dce030170c6f614695385a"}
,"/Users/manuelduran/Desktop/Projects/HRRPT/photo-gallery-service/client/components/itemGallery.jsx": {"path":"/Users/manuelduran/Desktop/Projects/HRRPT/photo-gallery-service/client/components/itemGallery.jsx","statementMap":{"0":{"start":{"line":7,"column":20},"end":{"line":15,"column":1}},"1":{"start":{"line":17,"column":23},"end":{"line":22,"column":1}},"2":{"start":{"line":24,"column":21},"end":{"line":27,"column":1}},"3":{"start":{"line":29,"column":22},"end":{"line":41,"column":1}},"4":{"start":{"line":42,"column":21},"end":{"line":54,"column":1}},"5":{"start":{"line":58,"column":4},"end":{"line":58,"column":17}},"6":{"start":{"line":59,"column":4},"end":{"line":61,"column":5}},"7":{"start":{"line":65,"column":18},"end":{"line":65,"column":19}},"8":{"start":{"line":66,"column":18},"end":{"line":73,"column":6}},"9":{"start":{"line":67,"column":6},"end":{"line":67,"column":16}},"10":{"start":{"line":68,"column":6},"end":{"line":72,"column":20}},"11":{"start":{"line":68,"column":43},"end":{"line":68,"column":67}},"12":{"start":{"line":74,"column":4},"end":{"line":76,"column":6}},"13":{"start":{"line":81,"column":4},"end":{"line":81,"column":50}},"14":{"start":{"line":82,"column":4},"end":{"line":82,"column":48}},"15":{"start":{"line":83,"column":4},"end":{"line":83,"column":46}},"16":{"start":{"line":84,"column":4},"end":{"line":84,"column":46}},"17":{"start":{"line":85,"column":4},"end":{"line":85,"column":44}},"18":{"start":{"line":87,"column":4},"end":{"line":102,"column":5}}},"fnMap":{"0":{"name":"(anonymous_0)","decl":{"start":{"line":57,"column":2},"end":{"line":57,"column":3}},"loc":{"start":{"line":57,"column":21},"end":{"line":62,"column":3}},"line":57},"1":{"name":"(anonymous_1)","decl":{"start":{"line":64,"column":2},"end":{"line":64,"column":3}},"loc":{"start":{"line":64,"column":23},"end":{"line":77,"column":3}},"line":64},"2":{"name":"(anonymous_2)","decl":{"start":{"line":66,"column":49},"end":{"line":66,"column":50}},"loc":{"start":{"line":66,"column":56},"end":{"line":73,"column":5}},"line":66},"3":{"name":"(anonymous_3)","decl":{"start":{"line":68,"column":35},"end":{"line":68,"column":36}},"loc":{"start":{"line":68,"column":42},"end":{"line":68,"column":68}},"line":68},"4":{"name":"(anonymous_4)","decl":{"start":{"line":79,"column":2},"end":{"line":79,"column":3}},"loc":{"start":{"line":79,"column":11},"end":{"line":103,"column":3}},"line":79}},"branchMap":{},"s":{"0":1,"1":1,"2":1,"3":1,"4":1,"5":3,"6":3,"7":3,"8":3,"9":9,"10":9,"11":0,"12":3,"13":3,"14":3,"15":3,"16":3,"17":3,"18":3},"f":{"0":3,"1":3,"2":9,"3":0,"4":3},"b":{},"_coverageSchema":"43e27e138ebf9cfc5966b082cf9a028302ed4184","hash":"7b25fcce2a2eed1f0a1042c009d09e05d9ec191e"}
,"/Users/manuelduran/Desktop/Projects/HRRPT/photo-gallery-service/client/components/mainItem.jsx": {"path":"/Users/manuelduran/Desktop/Projects/HRRPT/photo-gallery-service/client/components/mainItem.jsx","statementMap":{"0":{"start":{"line":5,"column":33},"end":{"line":10,"column":1}},"1":{"start":{"line":12,"column":24},"end":{"line":15,"column":1}},"2":{"start":{"line":20,"column":2},"end":{"line":20,"column":50}},"3":{"start":{"line":21,"column":2},"end":{"line":21,"column":67}},"4":{"start":{"line":22,"column":2},"end":{"line":26,"column":3}}},"fnMap":{"0":{"name":"MainItem","decl":{"start":{"line":18,"column":9},"end":{"line":18,"column":17}},"loc":{"start":{"line":18,"column":25},"end":{"line":27,"column":1}},"line":18}},"branchMap":{},"s":{"0":1,"1":1,"2":3,"3":3,"4":3},"f":{"0":3},"b":{},"_coverageSchema":"43e27e138ebf9cfc5966b082cf9a028302ed4184","hash":"e434b753a00062cad7e832b008ff9e087cbd4a10"}
,"/Users/manuelduran/Desktop/Projects/HRRPT/photo-gallery-service/database/index.js": {"path":"/Users/manuelduran/Desktop/Projects/HRRPT/photo-gallery-service/database/index.js","statementMap":{"0":{"start":{"line":1,"column":17},"end":{"line":1,"column":36}},"1":{"start":{"line":2,"column":0},"end":{"line":5,"column":2}},"2":{"start":{"line":4,"column":2},"end":{"line":4,"column":30}},"3":{"start":{"line":7,"column":22},"end":{"line":16,"column":2}},"4":{"start":{"line":18,"column":16},"end":{"line":18,"column":56}},"5":{"start":{"line":20,"column":15},"end":{"line":25,"column":1}},"6":{"start":{"line":21,"column":21},"end":{"line":21,"column":39}},"7":{"start":{"line":22,"column":2},"end":{"line":24,"column":4}},"8":{"start":{"line":23,"column":4},"end":{"line":23,"column":34}},"9":{"start":{"line":27,"column":12},"end":{"line":32,"column":1}},"10":{"start":{"line":28,"column":2},"end":{"line":30,"column":16}},"11":{"start":{"line":29,"column":4},"end":{"line":29,"column":34}},"12":{"start":{"line":34,"column":18},"end":{"line":38,"column":1}},"13":{"start":{"line":35,"column":2},"end":{"line":37,"column":4}},"14":{"start":{"line":36,"column":4},"end":{"line":36,"column":35}},"15":{"start":{"line":41,"column":19},"end":{"line":49,"column":1}},"16":{"start":{"line":42,"column":16},"end":{"line":42,"column":18}},"17":{"start":{"line":43,"column":2},"end":{"line":48,"column":3}},"18":{"start":{"line":43,"column":15},"end":{"line":43,"column":16}},"19":{"start":{"line":44,"column":4},"end":{"line":44,"column":16}},"20":{"start":{"line":45,"column":14},"end":{"line":45,"column":101}},"21":{"start":{"line":46,"column":17},"end":{"line":46,"column":42}},"22":{"start":{"line":47,"column":4},"end":{"line":47,"column":18}},"23":{"start":{"line":50,"column":0},"end":{"line":50,"column":54}}},"fnMap":{"0":{"name":"(anonymous_0)","decl":{"start":{"line":3,"column":6},"end":{"line":3,"column":7}},"loc":{"start":{"line":3,"column":12},"end":{"line":5,"column":1}},"line":3},"1":{"name":"(anonymous_1)","decl":{"start":{"line":20,"column":15},"end":{"line":20,"column":16}},"loc":{"start":{"line":20,"column":28},"end":{"line":25,"column":1}},"line":20},"2":{"name":"(anonymous_2)","decl":{"start":{"line":22,"column":18},"end":{"line":22,"column":19}},"loc":{"start":{"line":22,"column":32},"end":{"line":24,"column":3}},"line":22},"3":{"name":"(anonymous_3)","decl":{"start":{"line":27,"column":12},"end":{"line":27,"column":13}},"loc":{"start":{"line":27,"column":20},"end":{"line":32,"column":1}},"line":27},"4":{"name":"(anonymous_4)","decl":{"start":{"line":28,"column":15},"end":{"line":28,"column":16}},"loc":{"start":{"line":28,"column":29},"end":{"line":30,"column":3}},"line":28},"5":{"name":"(anonymous_5)","decl":{"start":{"line":34,"column":18},"end":{"line":34,"column":19}},"loc":{"start":{"line":34,"column":31},"end":{"line":38,"column":1}},"line":34},"6":{"name":"(anonymous_6)","decl":{"start":{"line":35,"column":27},"end":{"line":35,"column":28}},"loc":{"start":{"line":35,"column":42},"end":{"line":37,"column":3}},"line":35},"7":{"name":"(anonymous_7)","decl":{"start":{"line":41,"column":19},"end":{"line":41,"column":20}},"loc":{"start":{"line":41,"column":25},"end":{"line":49,"column":1}},"line":41}},"branchMap":{"0":{"loc":{"start":{"line":23,"column":4},"end":{"line":23,"column":33}},"type":"cond-expr","locations":[{"start":{"line":23,"column":10},"end":{"line":23,"column":17}},{"start":{"line":23,"column":20},"end":{"line":23,"column":33}}],"line":23},"1":{"loc":{"start":{"line":29,"column":4},"end":{"line":29,"column":33}},"type":"cond-expr","locations":[{"start":{"line":29,"column":10},"end":{"line":29,"column":17}},{"start":{"line":29,"column":20},"end":{"line":29,"column":33}}],"line":29},"2":{"loc":{"start":{"line":36,"column":4},"end":{"line":36,"column":34}},"type":"cond-expr","locations":[{"start":{"line":36,"column":10},"end":{"line":36,"column":17}},{"start":{"line":36,"column":20},"end":{"line":36,"column":34}}],"line":36}},"s":{"0":2,"1":2,"2":2,"3":2,"4":2,"5":2,"6":1,"7":1,"8":1,"9":2,"10":2,"11":2,"12":2,"13":1,"14":1,"15":2,"16":0,"17":0,"18":0,"19":0,"20":0,"21":0,"22":0,"23":2},"f":{"0":2,"1":1,"2":1,"3":2,"4":2,"5":1,"6":1,"7":0},"b":{"0":[0,1],"1":[0,2],"2":[0,1]},"_coverageSchema":"43e27e138ebf9cfc5966b082cf9a028302ed4184","hash":"b7bd398a54868eac2730fbb73f8aec2a60caa824"}
,"/Users/manuelduran/Desktop/Projects/HRRPT/photo-gallery-service/server/index.js": {"path":"/Users/manuelduran/Desktop/Projects/HRRPT/photo-gallery-service/server/index.js","statementMap":{"0":{"start":{"line":1,"column":16},"end":{"line":1,"column":34}},"1":{"start":{"line":2,"column":12},"end":{"line":2,"column":21}},"2":{"start":{"line":3,"column":13},"end":{"line":3,"column":17}},"3":{"start":{"line":4,"column":15},"end":{"line":4,"column":32}},"4":{"start":{"line":5,"column":15},"end":{"line":5,"column":37}},"5":{"start":{"line":6,"column":13},"end":{"line":6,"column":28}},"6":{"start":{"line":7,"column":15},"end":{"line":7,"column":34}},"7":{"start":{"line":8,"column":11},"end":{"line":8,"column":26}},"8":{"start":{"line":10,"column":12},"end":{"line":10,"column":37}},"9":{"start":{"line":11,"column":0},"end":{"line":11,"column":29}},"10":{"start":{"line":12,"column":0},"end":{"line":12,"column":23}},"11":{"start":{"line":13,"column":0},"end":{"line":13,"column":16}},"12":{"start":{"line":15,"column":0},"end":{"line":15,"column":21}},"13":{"start":{"line":16,"column":0},"end":{"line":16,"column":41}},"14":{"start":{"line":17,"column":0},"end":{"line":17,"column":49}},"15":{"start":{"line":20,"column":0},"end":{"line":20,"column":21}}},"fnMap":{},"branchMap":{},"s":{"0":1,"1":1,"2":1,"3":1,"4":1,"5":1,"6":1,"7":1,"8":1,"9":1,"10":1,"11":1,"12":1,"13":1,"14":1,"15":1},"f":{},"b":{},"_coverageSchema":"43e27e138ebf9cfc5966b082cf9a028302ed4184","hash":"9ed84de876d8b97769efaa9d7945f014b9762fa9"}
,"/Users/manuelduran/Desktop/Projects/HRRPT/photo-gallery-service/server/router.js": {"path":"/Users/manuelduran/Desktop/Projects/HRRPT/photo-gallery-service/server/router.js","statementMap":{"0":{"start":{"line":1,"column":16},"end":{"line":1,"column":34}},"1":{"start":{"line":2,"column":15},"end":{"line":2,"column":31}},"2":{"start":{"line":3,"column":11},"end":{"line":3,"column":42}},"3":{"start":{"line":5,"column":0},"end":{"line":9,"column":2}},"4":{"start":{"line":6,"column":2},"end":{"line":8,"column":4}},"5":{"start":{"line":7,"column":4},"end":{"line":7,"column":61}},"6":{"start":{"line":11,"column":0},"end":{"line":13,"column":2}},"7":{"start":{"line":12,"column":2},"end":{"line":12,"column":20}},"8":{"start":{"line":15,"column":0},"end":{"line":15,"column":24}}},"fnMap":{"0":{"name":"(anonymous_0)","decl":{"start":{"line":5,"column":24},"end":{"line":5,"column":25}},"loc":{"start":{"line":5,"column":38},"end":{"line":9,"column":1}},"line":5},"1":{"name":"(anonymous_1)","decl":{"start":{"line":6,"column":9},"end":{"line":6,"column":10}},"loc":{"start":{"line":6,"column":23},"end":{"line":8,"column":3}},"line":6},"2":{"name":"(anonymous_2)","decl":{"start":{"line":11,"column":16},"end":{"line":11,"column":17}},"loc":{"start":{"line":11,"column":30},"end":{"line":13,"column":1}},"line":11}},"branchMap":{"0":{"loc":{"start":{"line":7,"column":4},"end":{"line":7,"column":60}},"type":"cond-expr","locations":[{"start":{"line":7,"column":10},"end":{"line":7,"column":32}},{"start":{"line":7,"column":35},"end":{"line":7,"column":60}}],"line":7}},"s":{"0":1,"1":1,"2":1,"3":1,"4":1,"5":1,"6":1,"7":0,"8":1},"f":{"0":1,"1":1,"2":0},"b":{"0":[0,1]},"_coverageSchema":"43e27e138ebf9cfc5966b082cf9a028302ed4184","hash":"4b4027b1dac7e47148caa9f02c6b624c122df881"}
}
